[2024-05-13 14:47:00] This is codeql database index-files --include-extension=.yaml --include-extension=.yml --size-limit=5m --language yaml -- /Users/nabdul136@emea.comcast.com/work_space/gitstuffs/GATest/output-folder/python-database
[2024-05-13 14:47:00] Log file was started late.
[2024-05-13 14:47:00] Using index-files script /opt/homebrew/Caskroom/codeql/2.17.2/codeql/yaml/tools/index-files.sh.
[2024-05-13 14:47:00] [PROGRESS] database index-files> Scanning for files in /Users/nabdul136@emea.comcast.com/work_space/gitstuffs/GATest...
[2024-05-13 14:47:00] Calling plumbing command: codeql resolve files --include-extension=.yaml --include-extension=.yml --size-limit=5m /Users/nabdul136@emea.comcast.com/work_space/gitstuffs/GATest --format=json
[2024-05-13 14:47:00] [PROGRESS] resolve files> Scanning /Users/nabdul136@emea.comcast.com/work_space/gitstuffs/GATest...
[2024-05-13 14:47:00] [PROGRESS] resolve files> Scanning /Users/nabdul136@emea.comcast.com/work_space/gitstuffs/GATest/output-folder...
[2024-05-13 14:47:00] [PROGRESS] resolve files> Scanning /Users/nabdul136@emea.comcast.com/work_space/gitstuffs/GATest/output-folder/python-database...
[2024-05-13 14:47:00] [PROGRESS] resolve files> Scanning /Users/nabdul136@emea.comcast.com/work_space/gitstuffs/GATest/output-folder/python-database/diagnostic...
[2024-05-13 14:47:00] [PROGRESS] resolve files> Scanning /Users/nabdul136@emea.comcast.com/work_space/gitstuffs/GATest/output-folder/python-database/diagnostic/tracer...
[2024-05-13 14:47:00] [PROGRESS] resolve files> Scanning /Users/nabdul136@emea.comcast.com/work_space/gitstuffs/GATest/output-folder/python-database/diagnostic/extractors...
[2024-05-13 14:47:00] [PROGRESS] resolve files> Scanning /Users/nabdul136@emea.comcast.com/work_space/gitstuffs/GATest/output-folder/python-database/diagnostic/extractors/python...
[2024-05-13 14:47:00] [PROGRESS] resolve files> Scanning /Users/nabdul136@emea.comcast.com/work_space/gitstuffs/GATest/output-folder/python-database/working...
[2024-05-13 14:47:00] [PROGRESS] resolve files> Scanning /Users/nabdul136@emea.comcast.com/work_space/gitstuffs/GATest/output-folder/python-database/working/trap_cache...
[2024-05-13 14:47:00] [PROGRESS] resolve files> Scanning /Users/nabdul136@emea.comcast.com/work_space/gitstuffs/GATest/output-folder/python-database/working/trap_cache/1...
[2024-05-13 14:47:00] [PROGRESS] resolve files> Scanning /Users/nabdul136@emea.comcast.com/work_space/gitstuffs/GATest/output-folder/python-database/working/trap_cache/3...
[2024-05-13 14:47:00] [PROGRESS] resolve files> Scanning /Users/nabdul136@emea.comcast.com/work_space/gitstuffs/GATest/output-folder/python-database/working/trap_cache/2...
[2024-05-13 14:47:00] [PROGRESS] resolve files> Scanning /Users/nabdul136@emea.comcast.com/work_space/gitstuffs/GATest/output-folder/python-database/trap...
[2024-05-13 14:47:00] [PROGRESS] resolve files> Scanning /Users/nabdul136@emea.comcast.com/work_space/gitstuffs/GATest/output-folder/python-database/trap/python...
[2024-05-13 14:47:00] [PROGRESS] resolve files> Scanning /Users/nabdul136@emea.comcast.com/work_space/gitstuffs/GATest/output-folder/python-database/log...
[2024-05-13 14:47:00] [PROGRESS] resolve files> Scanning /Users/nabdul136@emea.comcast.com/work_space/gitstuffs/GATest/output-folder/python-database/src...
[2024-05-13 14:47:00] [PROGRESS] resolve files> Scanning /Users/nabdul136@emea.comcast.com/work_space/gitstuffs/GATest/output-folder/python-database/src/Library...
[2024-05-13 14:47:00] [PROGRESS] resolve files> Scanning /Users/nabdul136@emea.comcast.com/work_space/gitstuffs/GATest/output-folder/python-database/src/Library/Frameworks...
[2024-05-13 14:47:00] [PROGRESS] resolve files> Scanning /Users/nabdul136@emea.comcast.com/work_space/gitstuffs/GATest/output-folder/python-database/src/Library/Frameworks/Python.framework...
[2024-05-13 14:47:00] [PROGRESS] resolve files> Scanning /Users/nabdul136@emea.comcast.com/work_space/gitstuffs/GATest/output-folder/python-database/src/Library/Frameworks/Python.framework/Versions...
[2024-05-13 14:47:00] [PROGRESS] resolve files> Scanning /Users/nabdul136@emea.comcast.com/work_space/gitstuffs/GATest/output-folder/python-database/src/Library/Frameworks/Python.framework/Versions/3.12...
[2024-05-13 14:47:00] [PROGRESS] resolve files> Scanning /Users/nabdul136@emea.comcast.com/work_space/gitstuffs/GATest/output-folder/python-database/src/Library/Frameworks/Python.framework/Versions/3.12/lib...
[2024-05-13 14:47:00] [PROGRESS] resolve files> Scanning /Users/nabdul136@emea.comcast.com/work_space/gitstuffs/GATest/output-folder/python-database/src/Library/Frameworks/Python.framework/Versions/3.12/lib/python3.12...
[2024-05-13 14:47:00] [PROGRESS] resolve files> Scanning /Users/nabdul136@emea.comcast.com/work_space/gitstuffs/GATest/output-folder/python-database/src/Library/Frameworks/Python.framework/Versions/3.12/lib/python3.12/encodings...
[2024-05-13 14:47:00] [PROGRESS] resolve files> Scanning /Users/nabdul136@emea.comcast.com/work_space/gitstuffs/GATest/output-folder/python-database/src/Library/Frameworks/Python.framework/Versions/3.12/lib/python3.12/ctypes...
[2024-05-13 14:47:00] [PROGRESS] resolve files> Scanning /Users/nabdul136@emea.comcast.com/work_space/gitstuffs/GATest/output-folder/python-database/src/Library/Frameworks/Python.framework/Versions/3.12/lib/python3.12/ctypes/macholib...
[2024-05-13 14:47:00] [PROGRESS] resolve files> Scanning /Users/nabdul136@emea.comcast.com/work_space/gitstuffs/GATest/output-folder/python-database/src/Library/Frameworks/Python.framework/Versions/3.12/lib/python3.12/unittest...
[2024-05-13 14:47:00] [PROGRESS] resolve files> Scanning /Users/nabdul136@emea.comcast.com/work_space/gitstuffs/GATest/output-folder/python-database/src/Library/Frameworks/Python.framework/Versions/3.12/lib/python3.12/test...
[2024-05-13 14:47:00] [PROGRESS] resolve files> Scanning /Users/nabdul136@emea.comcast.com/work_space/gitstuffs/GATest/output-folder/python-database/src/Library/Frameworks/Python.framework/Versions/3.12/lib/python3.12/test/support...
[2024-05-13 14:47:00] [PROGRESS] resolve files> Scanning /Users/nabdul136@emea.comcast.com/work_space/gitstuffs/GATest/output-folder/python-database/src/Library/Frameworks/Python.framework/Versions/3.12/lib/python3.12/multiprocessing...
[2024-05-13 14:47:00] [PROGRESS] resolve files> Scanning /Users/nabdul136@emea.comcast.com/work_space/gitstuffs/GATest/output-folder/python-database/src/Library/Frameworks/Python.framework/Versions/3.12/lib/python3.12/urllib...
[2024-05-13 14:47:00] [PROGRESS] resolve files> Scanning /Users/nabdul136@emea.comcast.com/work_space/gitstuffs/GATest/output-folder/python-database/src/Library/Frameworks/Python.framework/Versions/3.12/lib/python3.12/zipfile...
[2024-05-13 14:47:00] [PROGRESS] resolve files> Scanning /Users/nabdul136@emea.comcast.com/work_space/gitstuffs/GATest/output-folder/python-database/src/Library/Frameworks/Python.framework/Versions/3.12/lib/python3.12/zipfile/_path...
[2024-05-13 14:47:00] [PROGRESS] resolve files> Scanning /Users/nabdul136@emea.comcast.com/work_space/gitstuffs/GATest/output-folder/python-database/src/Library/Frameworks/Python.framework/Versions/3.12/lib/python3.12/html...
[2024-05-13 14:47:00] [PROGRESS] resolve files> Scanning /Users/nabdul136@emea.comcast.com/work_space/gitstuffs/GATest/output-folder/python-database/src/Library/Frameworks/Python.framework/Versions/3.12/lib/python3.12/tkinter...
[2024-05-13 14:47:00] [PROGRESS] resolve files> Scanning /Users/nabdul136@emea.comcast.com/work_space/gitstuffs/GATest/output-folder/python-database/src/Library/Frameworks/Python.framework/Versions/3.12/lib/python3.12/xml...
[2024-05-13 14:47:00] [PROGRESS] resolve files> Scanning /Users/nabdul136@emea.comcast.com/work_space/gitstuffs/GATest/output-folder/python-database/src/Library/Frameworks/Python.framework/Versions/3.12/lib/python3.12/xml/parsers...
[2024-05-13 14:47:00] [PROGRESS] resolve files> Scanning /Users/nabdul136@emea.comcast.com/work_space/gitstuffs/GATest/output-folder/python-database/src/Library/Frameworks/Python.framework/Versions/3.12/lib/python3.12/http...
[2024-05-13 14:47:00] [PROGRESS] resolve files> Scanning /Users/nabdul136@emea.comcast.com/work_space/gitstuffs/GATest/output-folder/python-database/src/Library/Frameworks/Python.framework/Versions/3.12/lib/python3.12/concurrent...
[2024-05-13 14:47:00] [PROGRESS] resolve files> Scanning /Users/nabdul136@emea.comcast.com/work_space/gitstuffs/GATest/output-folder/python-database/src/Library/Frameworks/Python.framework/Versions/3.12/lib/python3.12/concurrent/futures...
[2024-05-13 14:47:00] [PROGRESS] resolve files> Scanning /Users/nabdul136@emea.comcast.com/work_space/gitstuffs/GATest/output-folder/python-database/src/Library/Frameworks/Python.framework/Versions/3.12/lib/python3.12/importlib...
[2024-05-13 14:47:00] [PROGRESS] resolve files> Scanning /Users/nabdul136@emea.comcast.com/work_space/gitstuffs/GATest/output-folder/python-database/src/Library/Frameworks/Python.framework/Versions/3.12/lib/python3.12/xmlrpc...
[2024-05-13 14:47:00] [PROGRESS] resolve files> Scanning /Users/nabdul136@emea.comcast.com/work_space/gitstuffs/GATest/output-folder/python-database/src/Library/Frameworks/Python.framework/Versions/3.12/lib/python3.12/collections...
[2024-05-13 14:47:00] [PROGRESS] resolve files> Scanning /Users/nabdul136@emea.comcast.com/work_space/gitstuffs/GATest/output-folder/python-database/src/Library/Frameworks/Python.framework/Versions/3.12/lib/python3.12/asyncio...
[2024-05-13 14:47:00] [PROGRESS] resolve files> Scanning /Users/nabdul136@emea.comcast.com/work_space/gitstuffs/GATest/output-folder/python-database/src/Library/Frameworks/Python.framework/Versions/3.12/lib/python3.12/logging...
[2024-05-13 14:47:00] [PROGRESS] resolve files> Scanning /Users/nabdul136@emea.comcast.com/work_space/gitstuffs/GATest/output-folder/python-database/src/Library/Frameworks/Python.framework/Versions/3.12/lib/python3.12/email...
[2024-05-13 14:47:00] [PROGRESS] resolve files> Scanning /Users/nabdul136@emea.comcast.com/work_space/gitstuffs/GATest/output-folder/python-database/src/Library/Frameworks/Python.framework/Versions/3.12/lib/python3.12/re...
[2024-05-13 14:47:00] [PROGRESS] resolve files> Scanning /Users/nabdul136@emea.comcast.com/work_space/gitstuffs/GATest/output-folder/python-database/src/Users...
[2024-05-13 14:47:00] [PROGRESS] resolve files> Scanning /Users/nabdul136@emea.comcast.com/work_space/gitstuffs/GATest/output-folder/python-database/src/Users/nabdul136@emea.comcast.com...
[2024-05-13 14:47:00] [PROGRESS] resolve files> Scanning /Users/nabdul136@emea.comcast.com/work_space/gitstuffs/GATest/output-folder/python-database/src/Users/nabdul136@emea.comcast.com/work_space...
[2024-05-13 14:47:00] [PROGRESS] resolve files> Scanning /Users/nabdul136@emea.comcast.com/work_space/gitstuffs/GATest/output-folder/python-database/src/Users/nabdul136@emea.comcast.com/work_space/gitstuffs...
[2024-05-13 14:47:00] [PROGRESS] resolve files> Scanning /Users/nabdul136@emea.comcast.com/work_space/gitstuffs/GATest/output-folder/python-database/src/Users/nabdul136@emea.comcast.com/work_space/gitstuffs/GATest...
[2024-05-13 14:47:00] [PROGRESS] resolve files> Scanning /Users/nabdul136@emea.comcast.com/work_space/gitstuffs/GATest/.github...
[2024-05-13 14:47:00] [PROGRESS] resolve files> Scanning /Users/nabdul136@emea.comcast.com/work_space/gitstuffs/GATest/.github/workflows...
[2024-05-13 14:47:00] [PROGRESS] resolve files> Scanning /Users/nabdul136@emea.comcast.com/work_space/gitstuffs/GATest/.git...
[2024-05-13 14:47:00] [PROGRESS] resolve files> Scanning /Users/nabdul136@emea.comcast.com/work_space/gitstuffs/GATest/.git/objects...
[2024-05-13 14:47:00] [PROGRESS] resolve files> Scanning /Users/nabdul136@emea.comcast.com/work_space/gitstuffs/GATest/.git/objects/pack...
[2024-05-13 14:47:00] [PROGRESS] resolve files> Scanning /Users/nabdul136@emea.comcast.com/work_space/gitstuffs/GATest/.git/objects/info...
[2024-05-13 14:47:00] [PROGRESS] resolve files> Scanning /Users/nabdul136@emea.comcast.com/work_space/gitstuffs/GATest/.git/info...
[2024-05-13 14:47:00] [PROGRESS] resolve files> Scanning /Users/nabdul136@emea.comcast.com/work_space/gitstuffs/GATest/.git/logs...
[2024-05-13 14:47:00] [PROGRESS] resolve files> Scanning /Users/nabdul136@emea.comcast.com/work_space/gitstuffs/GATest/.git/logs/refs...
[2024-05-13 14:47:00] [PROGRESS] resolve files> Scanning /Users/nabdul136@emea.comcast.com/work_space/gitstuffs/GATest/.git/logs/refs/heads...
[2024-05-13 14:47:00] [PROGRESS] resolve files> Scanning /Users/nabdul136@emea.comcast.com/work_space/gitstuffs/GATest/.git/logs/refs/remotes...
[2024-05-13 14:47:00] [PROGRESS] resolve files> Scanning /Users/nabdul136@emea.comcast.com/work_space/gitstuffs/GATest/.git/logs/refs/remotes/origin...
[2024-05-13 14:47:00] [PROGRESS] resolve files> Scanning /Users/nabdul136@emea.comcast.com/work_space/gitstuffs/GATest/.git/hooks...
[2024-05-13 14:47:00] [PROGRESS] resolve files> Scanning /Users/nabdul136@emea.comcast.com/work_space/gitstuffs/GATest/.git/refs...
[2024-05-13 14:47:00] [PROGRESS] resolve files> Scanning /Users/nabdul136@emea.comcast.com/work_space/gitstuffs/GATest/.git/refs/heads...
[2024-05-13 14:47:00] [PROGRESS] resolve files> Scanning /Users/nabdul136@emea.comcast.com/work_space/gitstuffs/GATest/.git/refs/tags...
[2024-05-13 14:47:00] [PROGRESS] resolve files> Scanning /Users/nabdul136@emea.comcast.com/work_space/gitstuffs/GATest/.git/refs/remotes...
[2024-05-13 14:47:00] [PROGRESS] resolve files> Scanning /Users/nabdul136@emea.comcast.com/work_space/gitstuffs/GATest/.git/refs/remotes/origin...
[2024-05-13 14:47:00] Plumbing command codeql resolve files completed:
                      [
                        "/Users/nabdul136@emea.comcast.com/work_space/gitstuffs/GATest/.github/workflows/codeql.yml",
                        "/Users/nabdul136@emea.comcast.com/work_space/gitstuffs/GATest/.github/workflows/commit-message-policy.yml",
                        "/Users/nabdul136@emea.comcast.com/work_space/gitstuffs/GATest/.github/workflows/learn-github-actions.yml",
                        "/Users/nabdul136@emea.comcast.com/work_space/gitstuffs/GATest/.github/workflows/python-app.yml",
                        "/Users/nabdul136@emea.comcast.com/work_space/gitstuffs/GATest/output-folder/python-database/codeql-database.yml"
                      ]
[2024-05-13 14:47:00] [DETAILS] database index-files> Found 5 files.
[2024-05-13 14:47:00] [PROGRESS] database index-files> /Users/nabdul136@emea.comcast.com/work_space/gitstuffs/GATest/output-folder/python-database: Indexing files in in /Users/nabdul136@emea.comcast.com/work_space/gitstuffs/GATest...
[2024-05-13 14:47:00] Using index-files script /opt/homebrew/Caskroom/codeql/2.17.2/codeql/yaml/tools/index-files.sh.
[2024-05-13 14:47:00] [PROGRESS] database index-files> Running command in /Users/nabdul136@emea.comcast.com/work_space/gitstuffs/GATest: [/opt/homebrew/Caskroom/codeql/2.17.2/codeql/yaml/tools/index-files.sh, /Users/nabdul136@emea.comcast.com/work_space/gitstuffs/GATest/output-folder/python-database/working/files-to-index3692435227337109341.list]
[2024-05-13 14:47:01] Terminating normally.
