[2024-05-14 15:39:22] This is codeql execute queries -J-Xmx3284M --off-heap-ram=4087 --verbosity=progress --logdir=/Users/nabdul136@emea.comcast.com/work_space/gitstuffs/GATest/output-folder/python-database/log --evaluator-log-level=5 --warnings=show --qlconfig-file=/Users/nabdul136@emea.comcast.com/work_space/gitstuffs/GATest/qlconfig.yml --no-rerun --interpret-passthrough=null,--format=sarif-latest,-o=/Users/nabdul136@emea.comcast.com/work_space/gitstuffs/GATest/repoout.sarif,--max-paths=4,--csv-location-format=line-column,--print-diagnostics-summary,--print-metrics-summary,--qlconfig-file=/Users/nabdul136@emea.comcast.com/work_space/gitstuffs/GATest/qlconfig.yml,--,/Users/nabdul136@emea.comcast.com/work_space/gitstuffs/GATest/output-folder/python-database --output=/Users/nabdul136@emea.comcast.com/work_space/gitstuffs/GATest/output-folder/python-database/results -- /Users/nabdul136@emea.comcast.com/work_space/gitstuffs/GATest/output-folder/python-database/db-python codeql/python-queries
[2024-05-14 15:39:22] Calling plumbing command: codeql resolve queries --qlconfig-file=/Users/nabdul136@emea.comcast.com/work_space/gitstuffs/GATest/qlconfig.yml --format=json -- codeql/python-queries
[2024-05-14 15:39:22] Exception caught at top level: Query pack codeql/python-queries cannot be found. Check the spelling of the pack.
                      com.semmle.cli2.resolve.ResolveQueriesCommand.resolveQuerySpecifier(ResolveQueriesCommand.java:298)
                      com.semmle.cli2.resolve.ResolveQueriesCommand.executeJSON(ResolveQueriesCommand.java:211)
                      com.semmle.cli2.resolve.ResolveQueriesCommand.executeJSON(ResolveQueriesCommand.java:68)
                      com.semmle.cli2.picocli.SimpleJsonSubcommand.executeInsistingOnJSONWithExistingMessages(SimpleJsonSubcommand.java:133)
                      com.semmle.cli2.picocli.SubcommandCommon.withCompilationMessages(SubcommandCommon.java:442)
                      com.semmle.cli2.picocli.SimpleJsonSubcommand.executeInsistingOnJSON(SimpleJsonSubcommand.java:122)
                      com.semmle.cli2.picocli.PlumbingRunner.call(PlumbingRunner.java:61)
                      com.semmle.cli2.picocli.SubcommandCommon.callPlumbingInProcess(SubcommandCommon.java:168)
                      com.semmle.cli2.execute.ExecuteQueriesCommand.executeSubcommand(ExecuteQueriesCommand.java:426)
                      com.semmle.cli2.picocli.SubcommandCommon.lambda$executeSubcommandWithMessages$5(SubcommandCommon.java:863)
                      com.semmle.cli2.picocli.SubcommandCommon.withCompilationMessages(SubcommandCommon.java:442)
                      com.semmle.cli2.picocli.SubcommandCommon.executeSubcommandWithMessages(SubcommandCommon.java:861)
                      com.semmle.cli2.picocli.SubcommandCommon.toplevelMain(SubcommandCommon.java:745)
                      com.semmle.cli2.picocli.SubcommandCommon.call(SubcommandCommon.java:726)
                      com.semmle.cli2.picocli.SubcommandMaker.runMain(SubcommandMaker.java:237)
                      com.semmle.cli2.picocli.SubcommandMaker.runMain(SubcommandMaker.java:257)
                      com.semmle.cli2.CodeQL.main(CodeQL.java:115)
