[2024-05-15 12:46:13] This is codeql execute queries -J-Xmx3284M --off-heap-ram=4087 --verbosity=progress --logdir=/Users/nabdul136@emea.comcast.com/work_space/gitstuffs/GATest/dbstuff/pdb/log --evaluator-log-level=5 --warnings=show --qlconfig-file=/Users/nabdul136@emea.comcast.com/work_space/gitstuffs/GATest/qlconfig.yml --no-rerun --interpret-passthrough=null,--format=csv,-o=/Users/nabdul136@emea.comcast.com/work_space/gitstuffs/GATest/dbstuff/aoutput.csv,--max-paths=4,--csv-location-format=line-column,--print-diagnostics-summary,--print-metrics-summary,--qlconfig-file=/Users/nabdul136@emea.comcast.com/work_space/gitstuffs/GATest/qlconfig.yml,--,/Users/nabdul136@emea.comcast.com/work_space/gitstuffs/GATest/dbstuff/pdb,qlpack.yml --output=/Users/nabdul136@emea.comcast.com/work_space/gitstuffs/GATest/dbstuff/pdb/results -- /Users/nabdul136@emea.comcast.com/work_space/gitstuffs/GATest/dbstuff/pdb/db-python qlpack.yml
[2024-05-15 12:46:13] Calling plumbing command: codeql resolve queries --qlconfig-file=/Users/nabdul136@emea.comcast.com/work_space/gitstuffs/GATest/qlconfig.yml --format=json -- qlpack.yml
[2024-05-15 12:46:13] [DETAILS] resolve queries> Looking for a well-known suite "qlpack.yml".
[2024-05-15 12:46:13] Exception caught at top level: qlpack.yml is not a .ql file, .qls file, a directory, or a query pack specification.
                      com.semmle.cli2.resolve.ResolveQueriesCommand.resolveQuerySpecifier(ResolveQueriesCommand.java:305)
                      com.semmle.cli2.resolve.ResolveQueriesCommand.executeJSON(ResolveQueriesCommand.java:211)
                      com.semmle.cli2.resolve.ResolveQueriesCommand.executeJSON(ResolveQueriesCommand.java:68)
                      com.semmle.cli2.picocli.SimpleJsonSubcommand.executeInsistingOnJSONWithExistingMessages(SimpleJsonSubcommand.java:133)
                      com.semmle.cli2.picocli.SubcommandCommon.withCompilationMessages(SubcommandCommon.java:442)
                      com.semmle.cli2.picocli.SimpleJsonSubcommand.executeInsistingOnJSON(SimpleJsonSubcommand.java:122)
                      com.semmle.cli2.picocli.PlumbingRunner.call(PlumbingRunner.java:61)
                      com.semmle.cli2.picocli.SubcommandCommon.callPlumbingInProcess(SubcommandCommon.java:168)
                      com.semmle.cli2.execute.ExecuteQueriesCommand.executeSubcommand(ExecuteQueriesCommand.java:426)
                      com.semmle.cli2.picocli.SubcommandCommon.lambda$executeSubcommandWithMessages$5(SubcommandCommon.java:863)
                      com.semmle.cli2.picocli.SubcommandCommon.withCompilationMessages(SubcommandCommon.java:442)
                      com.semmle.cli2.picocli.SubcommandCommon.executeSubcommandWithMessages(SubcommandCommon.java:861)
                      com.semmle.cli2.picocli.SubcommandCommon.toplevelMain(SubcommandCommon.java:745)
                      com.semmle.cli2.picocli.SubcommandCommon.call(SubcommandCommon.java:726)
                      com.semmle.cli2.picocli.SubcommandMaker.runMain(SubcommandMaker.java:237)
                      com.semmle.cli2.picocli.SubcommandMaker.runMain(SubcommandMaker.java:257)
                      com.semmle.cli2.CodeQL.main(CodeQL.java:115)
